[NotebookApp | WARNING] No nbgrader_config.py file found (rerun with --debug to see where nbgrader is looking)
[NotebookApp | INFO] Loading the validate_assignment nbgrader serverextension
[NotebookApp | INFO] Serving notebooks from local directory: /Users/timberst/Documents/DSCI-100/dsci-100
[NotebookApp | INFO] 0 active kernels
[NotebookApp | INFO] The Jupyter Notebook is running at:
[NotebookApp | INFO] http://localhost:8890/?token=12bf08fc0b0d754e773883dc8dd37a03453a765007600361
[NotebookApp | INFO] Use Control-C to stop this server and shut down all kernels (twice to skip confirmation).
[NotebookApp | CRITICAL] 
    
    Copy/paste this URL into your browser when you connect for the first time,
    to login with a token:
        http://localhost:8890/?token=12bf08fc0b0d754e773883dc8dd37a03453a765007600361&token=12bf08fc0b0d754e773883dc8dd37a03453a765007600361
[NotebookApp | INFO] Accepting one-time-token-authenticated connection from ::1
[NotebookApp | ERROR] The version of the Assignment List nbextension does not match the server extension; the nbextension version is 0.5.4 while the server version is 0.6.0.dev. This can happen if you have recently upgraded nbgrader, and may cause this extension to not work correctly. To fix the problem, please see the nbgrader installation instructions: http://nbgrader.readthedocs.io/en/stable/user_guide/installation.html
[NotebookApp | INFO] Creating new notebook in /slides
[NotebookApp | INFO] Kernel started: 8410bebe-7ea3-4d59-9e6f-204f2af9e0ad
[NotebookApp | WARNING] 404 GET /nbextensions/nbdime/extension.js?v=20190123221024 (::1) 10.04ms referer=http://localhost:8890/notebooks/slides/Untitled.ipynb?kernel_name=ir
[NotebookApp | WARNING] 404 GET /nbextensions/widgets/notebook/js/extension.js?v=20190123221024 (::1) 1.95ms referer=http://localhost:8890/notebooks/slides/Untitled.ipynb?kernel_name=ir
[NotebookApp | INFO] Adapting to protocol v5.0 for kernel 8410bebe-7ea3-4d59-9e6f-204f2af9e0ad
[NotebookApp | WARNING] 404 GET /nbextensions/nbdime/extension.js?v=20190123221024 (::1) 1.96ms referer=http://localhost:8890/notebooks/slides/03_wrangling.ipynb
[NotebookApp | INFO] Kernel started: 884577ec-4948-41d6-9cd6-6c5604623931
[NotebookApp | INFO] 302 GET /notebooks/slides/img/whisperer.png (::1) 1.45ms
[NotebookApp | INFO] 302 GET /notebooks/slides/img/on_balcony.png (::1) 0.81ms
[NotebookApp | INFO] 302 GET /notebooks/slides/img/tame.png (::1) 0.82ms
[NotebookApp | WARNING] 404 GET /nbextensions/widgets/notebook/js/extension.js?v=20190123221024 (::1) 1.81ms referer=http://localhost:8890/notebooks/slides/03_wrangling.ipynb
[NotebookApp | INFO] Adapting to protocol v5.0 for kernel 884577ec-4948-41d6-9cd6-6c5604623931
[NotebookApp | INFO] Saving file at /slides/04_viz.ipynb
[NotebookApp | INFO] Saving file at /slides/04_viz.ipynb
[NotebookApp | INFO] Saving file at /slides/03_wrangling.ipynb
[NotebookApp | INFO] Starting buffering for 884577ec-4948-41d6-9cd6-6c5604623931:d5e657c135674da1bfdbfd0e3c9931fd
[NotebookApp | INFO] Saving file at /slides/04_viz.ipynb
[NotebookApp | INFO] Saving file at /slides/04_viz.ipynb
[NotebookApp | INFO] Saving file at /slides/04_viz.ipynb
[NotebookApp | INFO] Saving file at /slides/04_viz.ipynb
[NotebookApp | INFO] Saving file at /slides/04_viz.ipynb
[NotebookApp | INFO] Saving file at /slides/04_viz.ipynb
[NotebookApp | WARNING] 404 GET /notebooks/slides/rise.css (::1): No such file or directory: slides/rise.css
[NotebookApp | WARNING] 404 GET /notebooks/slides/rise.css (::1) 1.70ms referer=http://localhost:8890/notebooks/slides/04_viz.ipynb
[NotebookApp | WARNING] 404 GET /notebooks/slides/04_viz.css (::1): No such file or directory: slides/04_viz.css
[NotebookApp | WARNING] 404 GET /notebooks/slides/04_viz.css (::1) 1.74ms referer=http://localhost:8890/notebooks/slides/04_viz.ipynb
[NotebookApp | INFO] Saving file at /slides/04_viz.ipynb
[NotebookApp | WARNING] 404 GET /notebooks/slides/rise.css (::1): No such file or directory: slides/rise.css
[NotebookApp | WARNING] 404 GET /notebooks/slides/rise.css (::1) 1.56ms referer=http://localhost:8890/notebooks/slides/04_viz.ipynb
[NotebookApp | WARNING] 404 GET /notebooks/slides/04_viz.css (::1): No such file or directory: slides/04_viz.css
[NotebookApp | WARNING] 404 GET /notebooks/slides/04_viz.css (::1) 1.53ms referer=http://localhost:8890/notebooks/slides/04_viz.ipynb
[NotebookApp | INFO] Saving file at /slides/04_viz.ipynb
[NotebookApp | INFO] Saving file at /slides/04_viz.ipynb
[NotebookApp | INFO] Saving file at /slides/04_viz.ipynb
[NotebookApp | INFO] Saving file at /slides/04_viz.ipynb
[NotebookApp | INFO] Saving file at /slides/04_viz.ipynb
[NotebookApp | INFO] Starting buffering for 8410bebe-7ea3-4d59-9e6f-204f2af9e0ad:00ccb9f8d69042e59e13667984618df0
[NotebookApp | INFO] Kernel restarted: 8410bebe-7ea3-4d59-9e6f-204f2af9e0ad
[NotebookApp | INFO] Adapting to protocol v5.0 for kernel 8410bebe-7ea3-4d59-9e6f-204f2af9e0ad
[NotebookApp | INFO] Restoring connection for 8410bebe-7ea3-4d59-9e6f-204f2af9e0ad:00ccb9f8d69042e59e13667984618df0
[NotebookApp | INFO] Saving file at /slides/04_viz.ipynb
[NotebookApp | INFO] Saving file at /slides/04_viz.ipynb
[NotebookApp | INFO] Saving file at /slides/04_viz.ipynb
[NotebookApp | INFO] Saving file at /slides/04_viz.ipynb
[NotebookApp | INFO] 302 GET /notebooks/slides/img/show_data.png (::1) 1.05ms
[NotebookApp | WARNING] 404 GET /notebooks/slides/rise.css (::1): No such file or directory: slides/rise.css
[NotebookApp | WARNING] 404 GET /notebooks/slides/rise.css (::1) 1.81ms referer=http://localhost:8890/notebooks/slides/04_viz.ipynb
[NotebookApp | WARNING] 404 GET /notebooks/slides/04_viz.css (::1): No such file or directory: slides/04_viz.css
[NotebookApp | WARNING] 404 GET /notebooks/slides/04_viz.css (::1) 1.61ms referer=http://localhost:8890/notebooks/slides/04_viz.ipynb
[NotebookApp | WARNING] 404 GET /notebooks/slides/rise.css (::1): No such file or directory: slides/rise.css
[NotebookApp | WARNING] 404 GET /notebooks/slides/rise.css (::1) 1.83ms referer=http://localhost:8890/notebooks/slides/04_viz.ipynb
[NotebookApp | WARNING] 404 GET /notebooks/slides/04_viz.css (::1): No such file or directory: slides/04_viz.css
[NotebookApp | WARNING] 404 GET /notebooks/slides/04_viz.css (::1) 1.42ms referer=http://localhost:8890/notebooks/slides/04_viz.ipynb
[NotebookApp | INFO] Saving file at /slides/04_viz.ipynb
[NotebookApp | INFO] Saving file at /slides/04_viz.ipynb
[NotebookApp | WARNING] 404 GET /notebooks/slides/img/anscombes_quartet (::1): No such file or directory: slides/img/anscombes_quartet
[NotebookApp | WARNING] 404 GET /notebooks/slides/img/anscombes_quartet (::1) 1.80ms referer=http://localhost:8890/notebooks/slides/04_viz.ipynb
[NotebookApp | INFO] 302 GET /notebooks/slides/img/anscombes_quartet.png (::1) 1.06ms
[NotebookApp | INFO] Saving file at /slides/04_viz.ipynb
[NotebookApp | INFO] Saving file at /slides/04_viz.ipynb
[NotebookApp | INFO] Saving file at /slides/04_viz.ipynb
[NotebookApp | INFO] Saving file at /slides/04_viz.ipynb
[NotebookApp | INFO] Saving file at /slides/04_viz.ipynb
[NotebookApp | INFO] Saving file at /slides/04_viz.ipynb
[NotebookApp | INFO] Saving file at /slides/04_viz.ipynb
[NotebookApp | INFO] Saving file at /slides/04_viz.ipynb
[NotebookApp | INFO] Saving file at /slides/04_viz.ipynb
[NotebookApp | WARNING] 404 GET /notebooks/slides/rise.css (::1): No such file or directory: slides/rise.css
[NotebookApp | WARNING] 404 GET /notebooks/slides/rise.css (::1) 1.58ms referer=http://localhost:8890/notebooks/slides/04_viz.ipynb
[NotebookApp | WARNING] 404 GET /notebooks/slides/04_viz.css (::1): No such file or directory: slides/04_viz.css
[NotebookApp | WARNING] 404 GET /notebooks/slides/04_viz.css (::1) 1.54ms referer=http://localhost:8890/notebooks/slides/04_viz.ipynb
[NotebookApp | INFO] Saving file at /slides/04_viz.ipynb
[NotebookApp | INFO] Saving file at /slides/04_viz.ipynb
[NotebookApp | INFO] Saving file at /slides/04_viz.ipynb
[NotebookApp | INFO] Saving file at /slides/04_viz.ipynb
[NotebookApp | INFO] Saving file at /slides/04_viz.ipynb
[NotebookApp | INFO] Saving file at /slides/04_viz.ipynb
[NotebookApp | INFO] Saving file at /slides/04_viz.ipynb
[NotebookApp | INFO] Saving file at /slides/04_viz.ipynb
[NotebookApp | INFO] Saving file at /slides/04_viz.ipynb
[NotebookApp | INFO] Saving file at /slides/04_viz.ipynb
[NotebookApp | INFO] 302 GET /notebooks/slides/img/pie.png (::1) 0.99ms
[NotebookApp | INFO] Saving file at /slides/04_viz.ipynb
[NotebookApp | INFO] Saving file at /slides/04_viz.ipynb
[NotebookApp | INFO] Saving file at /slides/04_viz.ipynb
[NotebookApp | INFO] Saving file at /slides/04_viz.ipynb
[NotebookApp | INFO] Saving file at /slides/04_viz.ipynb
[NotebookApp | INFO] Saving file at /slides/04_viz.ipynb
[NotebookApp | INFO] Saving file at /slides/04_viz.ipynb
[NotebookApp | INFO] Starting buffering for 8410bebe-7ea3-4d59-9e6f-204f2af9e0ad:00ccb9f8d69042e59e13667984618df0
[NotebookApp | INFO] Kernel restarted: 8410bebe-7ea3-4d59-9e6f-204f2af9e0ad
[NotebookApp | INFO] Adapting to protocol v5.0 for kernel 8410bebe-7ea3-4d59-9e6f-204f2af9e0ad
[NotebookApp | INFO] Restoring connection for 8410bebe-7ea3-4d59-9e6f-204f2af9e0ad:00ccb9f8d69042e59e13667984618df0
[NotebookApp | INFO] Saving file at /slides/04_viz.ipynb
[NotebookApp | WARNING] 404 GET /notebooks/slides/rise.css (::1): No such file or directory: slides/rise.css
[NotebookApp | WARNING] 404 GET /notebooks/slides/rise.css (::1) 6.22ms referer=http://localhost:8890/notebooks/slides/04_viz.ipynb
[NotebookApp | WARNING] 404 GET /notebooks/slides/04_viz.css (::1): No such file or directory: slides/04_viz.css
[NotebookApp | WARNING] 404 GET /notebooks/slides/04_viz.css (::1) 1.74ms referer=http://localhost:8890/notebooks/slides/04_viz.ipynb
[NotebookApp | INFO] Saving file at /slides/04_viz.ipynb
[NotebookApp | INFO] Saving file at /slides/04_viz.ipynb
[NotebookApp | INFO] Saving file at /slides/04_viz.ipynb
[NotebookApp | INFO] Saving file at /slides/04_viz.ipynb
[NotebookApp | WARNING] Notebook materials/worksheet_04/worksheet_04.ipynb is not trusted
[NotebookApp | WARNING] 404 GET /nbextensions/nbdime/extension.js?v=20190123221024 (::1) 2.25ms referer=http://localhost:8890/notebooks/materials/worksheet_04/worksheet_04.ipynb
[NotebookApp | INFO] Kernel started: a2ca946e-1c6b-4245-ac61-28b81eea3d94
[NotebookApp | INFO] Adapting to protocol v5.0 for kernel a2ca946e-1c6b-4245-ac61-28b81eea3d94
[NotebookApp | WARNING] 404 GET /nbextensions/widgets/notebook/js/extension.js?v=20190123221024 (::1) 3.15ms referer=http://localhost:8890/notebooks/materials/worksheet_04/worksheet_04.ipynb
[NotebookApp | INFO] Saving file at /slides/04_viz.ipynb
[NotebookApp | INFO] Saving file at /slides/04_viz.ipynb
[NotebookApp | WARNING] 404 GET /notebooks/slides/rise.css (::1): No such file or directory: slides/rise.css
[NotebookApp | WARNING] 404 GET /notebooks/slides/rise.css (::1) 1.66ms referer=http://localhost:8890/notebooks/slides/04_viz.ipynb
[NotebookApp | WARNING] 404 GET /notebooks/slides/04_viz.css (::1): No such file or directory: slides/04_viz.css
[NotebookApp | WARNING] 404 GET /notebooks/slides/04_viz.css (::1) 1.41ms referer=http://localhost:8890/notebooks/slides/04_viz.ipynb
[NotebookApp | INFO] Saving file at /slides/04_viz.ipynb
[NotebookApp | INFO] Saving file at /slides/04_viz.ipynb
[NotebookApp | INFO] Saving file at /slides/04_viz.ipynb
[NotebookApp | INFO] Saving file at /slides/04_viz.ipynb
[NotebookApp | INFO] Saving file at /slides/04_viz.ipynb
[NotebookApp | INFO] Saving file at /slides/04_viz.ipynb
[NotebookApp | INFO] Saving file at /slides/04_viz.ipynb
[NotebookApp | INFO] Saving file at /slides/04_viz.ipynb
[NotebookApp | INFO] Starting buffering for a2ca946e-1c6b-4245-ac61-28b81eea3d94:9f92246089ec4a778bdbd636a3608a59
[NotebookApp | INFO] Starting buffering for 8410bebe-7ea3-4d59-9e6f-204f2af9e0ad:00ccb9f8d69042e59e13667984618df0
[NotebookApp | WARNING] No nbgrader_config.py file found (rerun with --debug to see where nbgrader is looking)
[NotebookApp | INFO] Loading the validate_assignment nbgrader serverextension
[NotebookApp | INFO] Serving notebooks from local directory: /Users/timberst/Documents/DSCI-100/dsci-100
[NotebookApp | INFO] 0 active kernels
[NotebookApp | INFO] The Jupyter Notebook is running at:
[NotebookApp | INFO] http://localhost:8888/?token=52fbd26bba51b02539878c385cf5ee16d6936915f2460f0e
[NotebookApp | INFO] Use Control-C to stop this server and shut down all kernels (twice to skip confirmation).
[NotebookApp | CRITICAL] 
    
    Copy/paste this URL into your browser when you connect for the first time,
    to login with a token:
        http://localhost:8888/?token=52fbd26bba51b02539878c385cf5ee16d6936915f2460f0e&token=52fbd26bba51b02539878c385cf5ee16d6936915f2460f0e
[NotebookApp | WARNING] 404 GET /api/kernels/9c4ac024-c98e-44b7-ba74-b8381125132c/channels?session_id=96dba43a8a0d42ba8878e1bcc7b23a96 (::1): Kernel does not exist: 9c4ac024-c98e-44b7-ba74-b8381125132c
[NotebookApp | WARNING] 404 GET /api/kernels/9c4ac024-c98e-44b7-ba74-b8381125132c/channels?session_id=96dba43a8a0d42ba8878e1bcc7b23a96 (::1) 46.12ms referer=None
[NotebookApp | INFO] Accepting one-time-token-authenticated connection from ::1
[NotebookApp | ERROR] The version of the Assignment List nbextension does not match the server extension; the nbextension version is 0.5.4 while the server version is 0.6.0.dev. This can happen if you have recently upgraded nbgrader, and may cause this extension to not work correctly. To fix the problem, please see the nbgrader installation instructions: http://nbgrader.readthedocs.io/en/stable/user_guide/installation.html
[NotebookApp | WARNING] Replacing stale connection: 9c4ac024-c98e-44b7-ba74-b8381125132c:96dba43a8a0d42ba8878e1bcc7b23a96
[NotebookApp | WARNING] 404 GET /nbextensions/nbdime/extension.js?v=20190126150805 (::1) 1.94ms referer=http://localhost:8888/notebooks/slides/04_viz.ipynb
[NotebookApp | INFO] Kernel started: 75d43330-d037-4d84-9b43-fa18c3f4134e
[NotebookApp | INFO] 302 GET /notebooks/slides/img/anscombes_quartet.png (::1) 1.86ms
[NotebookApp | INFO] 302 GET /notebooks/slides/img/show_data.png (::1) 1.49ms
[NotebookApp | INFO] 302 GET /notebooks/slides/img/pie.png (::1) 1.26ms
[NotebookApp | INFO] Adapting to protocol v5.0 for kernel 75d43330-d037-4d84-9b43-fa18c3f4134e
[NotebookApp | WARNING] 404 GET /nbextensions/widgets/notebook/js/extension.js?v=20190126150805 (::1) 2.52ms referer=http://localhost:8888/notebooks/slides/04_viz.ipynb
[NotebookApp | INFO] Starting buffering for 75d43330-d037-4d84-9b43-fa18c3f4134e:e9e4090f5abb4b8c80f0f1afea02ea8f
[NotebookApp | WARNING] No nbgrader_config.py file found (rerun with --debug to see where nbgrader is looking)
[NotebookApp | INFO] Loading the validate_assignment nbgrader serverextension
[NotebookApp | INFO] Serving notebooks from local directory: /Users/timberst/Documents/DSCI-100/dsci-100
[NotebookApp | INFO] 0 active kernels
[NotebookApp | INFO] The Jupyter Notebook is running at:
[NotebookApp | INFO] http://localhost:8888/?token=0cfd243a0a28ba8e6f31cea4f3b2ca65df72167457e96fc3
[NotebookApp | INFO] Use Control-C to stop this server and shut down all kernels (twice to skip confirmation).
[NotebookApp | CRITICAL] 
    
    Copy/paste this URL into your browser when you connect for the first time,
    to login with a token:
        http://localhost:8888/?token=0cfd243a0a28ba8e6f31cea4f3b2ca65df72167457e96fc3&token=0cfd243a0a28ba8e6f31cea4f3b2ca65df72167457e96fc3
[NotebookApp | INFO] Accepting one-time-token-authenticated connection from ::1
[NotebookApp | ERROR] The version of the Assignment List nbextension does not match the server extension; the nbextension version is 0.5.4 while the server version is 0.6.0.dev. This can happen if you have recently upgraded nbgrader, and may cause this extension to not work correctly. To fix the problem, please see the nbgrader installation instructions: http://nbgrader.readthedocs.io/en/stable/user_guide/installation.html
[NotebookApp | INFO] Creating new notebook in /slides
[NotebookApp | INFO] Kernel started: 05236495-e3a5-4f4e-b52a-082ff313ba99
[NotebookApp | WARNING] 404 GET /nbextensions/nbdime/extension.js?v=20190206113247 (::1) 10.94ms referer=http://localhost:8888/notebooks/slides/Untitled.ipynb?kernel_name=ir
[NotebookApp | WARNING] 404 GET /nbextensions/widgets/notebook/js/extension.js?v=20190206113247 (::1) 1.71ms referer=http://localhost:8888/notebooks/slides/Untitled.ipynb?kernel_name=ir
[NotebookApp | INFO] Adapting to protocol v5.0 for kernel 05236495-e3a5-4f4e-b52a-082ff313ba99
[NotebookApp | WARNING] 404 GET /nbextensions/nbdime/extension.js?v=20190206113247 (::1) 1.81ms referer=http://localhost:8888/notebooks/slides/04_viz.ipynb
[NotebookApp | INFO] Kernel started: 4c4d7130-44bb-4f5f-bb78-2e4750e7a6e4
[NotebookApp | INFO] 302 GET /notebooks/slides/img/anscombes_quartet.png (::1) 3.44ms
[NotebookApp | INFO] 302 GET /notebooks/slides/img/show_data.png (::1) 0.89ms
[NotebookApp | INFO] 302 GET /notebooks/slides/img/pie.png (::1) 0.93ms
[NotebookApp | WARNING] 404 GET /nbextensions/widgets/notebook/js/extension.js?v=20190206113247 (::1) 2.95ms referer=http://localhost:8888/notebooks/slides/04_viz.ipynb
[NotebookApp | INFO] Adapting to protocol v5.0 for kernel 4c4d7130-44bb-4f5f-bb78-2e4750e7a6e4
[NotebookApp | INFO] Saving file at /slides/06_classfication_intro.ipynb
[NotebookApp | INFO] Saving file at /slides/04_viz.ipynb
[NotebookApp | INFO] Saving file at /slides/06_classfication_intro.ipynb
[NotebookApp | INFO] Saving file at /slides/06_classfication_intro.ipynb
[NotebookApp | INFO] Saving file at /slides/06_classfication_intro.ipynb
[NotebookApp | INFO] Saving file at /slides/06_classfication_intro.ipynb
[NotebookApp | INFO] Saving file at /slides/06_classfication_intro.ipynb
[NotebookApp | INFO] Saving file at /slides/06_classfication_intro.ipynb
[NotebookApp | INFO] Saving file at /slides/06_classfication_intro.ipynb
[NotebookApp | INFO] Starting buffering for 4c4d7130-44bb-4f5f-bb78-2e4750e7a6e4:feec26dea4744339927ea5abb4f721f3
[NotebookApp | INFO] Starting buffering for 05236495-e3a5-4f4e-b52a-082ff313ba99:33cb0d68390542f2872a57afec59a296
[NotebookApp | WARNING] No nbgrader_config.py file found (rerun with --debug to see where nbgrader is looking)
[NotebookApp | INFO] Loading the validate_assignment nbgrader serverextension
[NotebookApp | INFO] Serving notebooks from local directory: /Users/timberst/Documents/DSCI-100/dsci-100
[NotebookApp | INFO] 0 active kernels
[NotebookApp | INFO] The Jupyter Notebook is running at:
[NotebookApp | INFO] http://localhost:8888/?token=b30336c136ae41c8758a8d939f605bcd5650ebce891c944d
[NotebookApp | INFO] Use Control-C to stop this server and shut down all kernels (twice to skip confirmation).
[NotebookApp | CRITICAL] 
    
    Copy/paste this URL into your browser when you connect for the first time,
    to login with a token:
        http://localhost:8888/?token=b30336c136ae41c8758a8d939f605bcd5650ebce891c944d&token=b30336c136ae41c8758a8d939f605bcd5650ebce891c944d
[NotebookApp | INFO] Accepting one-time-token-authenticated connection from ::1
[NotebookApp | ERROR] The version of the Assignment List nbextension does not match the server extension; the nbextension version is 0.5.4 while the server version is 0.6.0.dev. This can happen if you have recently upgraded nbgrader, and may cause this extension to not work correctly. To fix the problem, please see the nbgrader installation instructions: http://nbgrader.readthedocs.io/en/stable/user_guide/installation.html
[NotebookApp | WARNING] 404 GET /nbextensions/nbdime/extension.js?v=20190206160654 (::1) 8.66ms referer=http://localhost:8888/notebooks/slides/06_classfication_intro.ipynb
[NotebookApp | INFO] Kernel started: 8b57cfa1-793d-4e75-af0e-725590c47ea1
[NotebookApp | WARNING] 404 GET /nbextensions/widgets/notebook/js/extension.js?v=20190206160654 (::1) 3.64ms referer=http://localhost:8888/notebooks/slides/06_classfication_intro.ipynb
[NotebookApp | INFO] Kernel started: ff331053-06d2-4de7-aa0e-2f066d955046
[NotebookApp | WARNING] 404 GET /nbextensions/nbdime/extension.js?v=20190206160654 (::1) 1.86ms referer=http://localhost:8888/notebooks/slides/05_GitHub_intro.ipynb
[NotebookApp | INFO] Adapting to protocol v5.0 for kernel 8b57cfa1-793d-4e75-af0e-725590c47ea1
[NotebookApp | INFO] Adapting to protocol v5.1 for kernel ff331053-06d2-4de7-aa0e-2f066d955046
[NotebookApp | WARNING] 404 GET /nbextensions/widgets/notebook/js/extension.js?v=20190206160654 (::1) 1.53ms referer=http://localhost:8888/notebooks/slides/05_GitHub_intro.ipynb
[NotebookApp | INFO] Starting buffering for ff331053-06d2-4de7-aa0e-2f066d955046:76571d0537bc46de9f43bb9e18c20df1
[NotebookApp | WARNING] 404 GET /nbextensions/nbdime/extension.js?v=20190206160654 (::1) 1.64ms referer=http://localhost:8888/notebooks/slides/04_viz.ipynb
[NotebookApp | INFO] Kernel started: 8afd928c-802d-4789-b5ad-fc4c8010b50e
[NotebookApp | INFO] 302 GET /notebooks/slides/img/anscombes_quartet.png (::1) 3.78ms
[NotebookApp | INFO] 302 GET /notebooks/slides/img/show_data.png (::1) 0.90ms
[NotebookApp | INFO] 302 GET /notebooks/slides/img/pie.png (::1) 0.88ms
[NotebookApp | WARNING] 404 GET /nbextensions/widgets/notebook/js/extension.js?v=20190206160654 (::1) 1.79ms referer=http://localhost:8888/notebooks/slides/04_viz.ipynb
[NotebookApp | INFO] Adapting to protocol v5.0 for kernel 8afd928c-802d-4789-b5ad-fc4c8010b50e
[NotebookApp | INFO] Saving file at /slides/06_classfication_intro.ipynb
[NotebookApp | INFO] Saving file at /slides/04_viz.ipynb
[NotebookApp | INFO] Saving file at /slides/06_classfication_intro.ipynb
[NotebookApp | INFO] Saving file at /slides/06_classfication_intro.ipynb
[NotebookApp | INFO] Saving file at /slides/06_classfication_intro.ipynb
[NotebookApp | INFO] Saving file at /slides/06_classfication_intro.ipynb
[NotebookApp | INFO] Saving file at /slides/06_classfication_intro.ipynb
[NotebookApp | INFO] Saving file at /slides/06_classfication_intro.ipynb
[NotebookApp | INFO] Saving file at /slides/06_classfication_intro.ipynb
[NotebookApp | INFO] Saving file at /slides/06_classfication_intro.ipynb
[NotebookApp | INFO] Saving file at /slides/06_classfication_intro.ipynb
[NotebookApp | INFO] Saving file at /slides/06_classfication_intro.ipynb
[NotebookApp | INFO] Saving file at /slides/06_classfication_intro.ipynb
[NotebookApp | INFO] Saving file at /slides/06_classfication_intro.ipynb
[NotebookApp | INFO] Saving file at /slides/06_classfication_intro.ipynb
[NotebookApp | INFO] Saving file at /slides/06_classfication_intro.ipynb
[NotebookApp | INFO] Saving file at /slides/06_classfication_intro.ipynb
[NotebookApp | INFO] Saving file at /slides/06_classfication_intro.ipynb
[NotebookApp | INFO] Saving file at /slides/06_classfication_intro.ipynb
[NotebookApp | INFO] Saving file at /slides/06_classfication_intro.ipynb
[NotebookApp | INFO] Saving file at /slides/06_classfication_intro.ipynb
[NotebookApp | INFO] Saving file at /slides/06_classfication_intro.ipynb
[NotebookApp | INFO] Saving file at /slides/06_classfication_intro.ipynb
[NotebookApp | INFO] Saving file at /slides/06_classfication_intro.ipynb
[NotebookApp | INFO] Saving file at /slides/06_classfication_intro.ipynb
[NotebookApp | INFO] Saving file at /slides/06_classfication_intro.ipynb
[NotebookApp | INFO] Saving file at /slides/06_classfication_intro.ipynb
[NotebookApp | INFO] Saving file at /slides/06_classfication_intro.ipynb
[NotebookApp | INFO] Saving file at /slides/06_classfication_intro.ipynb
[NotebookApp | INFO] Saving file at /slides/06_classfication_intro.ipynb
[NotebookApp | INFO] Saving file at /slides/06_classfication_intro.ipynb
[NotebookApp | WARNING] 404 GET /static/components/codemirror/mode/%7Br%7D/%7Br%7D.js?v=20190206160654 (::1) 9.96ms referer=http://localhost:8888/notebooks/slides/06_classfication_intro.ipynb
[NotebookApp | INFO] Saving file at /slides/06_classfication_intro.ipynb
[NotebookApp | INFO] Saving file at /slides/06_classfication_intro.ipynb
[NotebookApp | INFO] Saving file at /slides/06_classfication_intro.ipynb
[NotebookApp | INFO] Saving file at /slides/06_classfication_intro.ipynb
[NotebookApp | WARNING] 404 GET /notebooks/slides/rise.css (::1): No such file or directory: slides/rise.css
[NotebookApp | WARNING] 404 GET /notebooks/slides/rise.css (::1) 1.82ms referer=http://localhost:8888/notebooks/slides/06_classfication_intro.ipynb
[NotebookApp | WARNING] 404 GET /notebooks/slides/06_classfication_intro.css (::1): No such file or directory: slides/06_classfication_intro.css
[NotebookApp | WARNING] 404 GET /notebooks/slides/06_classfication_intro.css (::1) 1.54ms referer=http://localhost:8888/notebooks/slides/06_classfication_intro.ipynb
[NotebookApp | INFO] Saving file at /slides/06_classfication_intro.ipynb
[NotebookApp | INFO] Saving file at /slides/06_classfication_intro.ipynb
[NotebookApp | INFO] Starting buffering for 8afd928c-802d-4789-b5ad-fc4c8010b50e:119f4666b33641f99ecabd52e4723721
[NotebookApp | INFO] Saving file at /slides/06_classfication_intro.ipynb
[NotebookApp | INFO] Saving file at /slides/06_classfication_intro.ipynb
[NotebookApp | INFO] Saving file at /slides/06_classfication_intro.ipynb
[NotebookApp | INFO] Starting buffering for 8b57cfa1-793d-4e75-af0e-725590c47ea1:9192c91ede1c4c3d8c6d6dd90fe396a8
[NotebookApp | WARNING] No nbgrader_config.py file found (rerun with --debug to see where nbgrader is looking)
[NotebookApp | INFO] Loading the validate_assignment nbgrader serverextension
[NotebookApp | INFO] Serving notebooks from local directory: /Users/timberst/Documents/DSCI-100/dsci-100
[NotebookApp | INFO] 0 active kernels
[NotebookApp | INFO] The Jupyter Notebook is running at:
[NotebookApp | INFO] http://localhost:8888/?token=f4ff4553ec03ccf5105e6bd59311974b4e2f6e709f242929
[NotebookApp | INFO] Use Control-C to stop this server and shut down all kernels (twice to skip confirmation).
[NotebookApp | CRITICAL] 
    
    Copy/paste this URL into your browser when you connect for the first time,
    to login with a token:
        http://localhost:8888/?token=f4ff4553ec03ccf5105e6bd59311974b4e2f6e709f242929&token=f4ff4553ec03ccf5105e6bd59311974b4e2f6e709f242929
[NotebookApp | INFO] Accepting one-time-token-authenticated connection from ::1
[NotebookApp | ERROR] The version of the Assignment List nbextension does not match the server extension; the nbextension version is 0.5.4 while the server version is 0.6.0.dev. This can happen if you have recently upgraded nbgrader, and may cause this extension to not work correctly. To fix the problem, please see the nbgrader installation instructions: http://nbgrader.readthedocs.io/en/stable/user_guide/installation.html
[NotebookApp | WARNING] 404 GET /nbextensions/nbdime/extension.js?v=20190207074856 (::1) 9.01ms referer=http://localhost:8888/notebooks/slides/06_classfication_intro.ipynb
[NotebookApp | INFO] Kernel started: 739c7d9c-79de-453c-9f1a-57c5a267de1e
[NotebookApp | WARNING] 404 GET /nbextensions/widgets/notebook/js/extension.js?v=20190207074856 (::1) 1.57ms referer=http://localhost:8888/notebooks/slides/06_classfication_intro.ipynb
[NotebookApp | INFO] Adapting to protocol v5.0 for kernel 739c7d9c-79de-453c-9f1a-57c5a267de1e
[NotebookApp | WARNING] 404 GET /notebooks/slides/rise.css (::1): No such file or directory: slides/rise.css
[NotebookApp | WARNING] 404 GET /notebooks/slides/rise.css (::1) 1.58ms referer=http://localhost:8888/notebooks/slides/06_classfication_intro.ipynb
[NotebookApp | WARNING] 404 GET /notebooks/slides/06_classfication_intro.css (::1): No such file or directory: slides/06_classfication_intro.css
[NotebookApp | WARNING] 404 GET /notebooks/slides/06_classfication_intro.css (::1) 1.66ms referer=http://localhost:8888/notebooks/slides/06_classfication_intro.ipynb
[NotebookApp | WARNING] 404 GET /notebooks/slides/rise.css (::1): No such file or directory: slides/rise.css
[NotebookApp | WARNING] 404 GET /notebooks/slides/rise.css (::1) 1.80ms referer=http://localhost:8888/notebooks/slides/06_classfication_intro.ipynb
[NotebookApp | WARNING] 404 GET /notebooks/slides/06_classfication_intro.css (::1): No such file or directory: slides/06_classfication_intro.css
[NotebookApp | WARNING] 404 GET /notebooks/slides/06_classfication_intro.css (::1) 1.98ms referer=http://localhost:8888/notebooks/slides/06_classfication_intro.ipynb
[NotebookApp | INFO] Saving file at /slides/06_classfication_intro.ipynb
[NotebookApp | INFO] Saving file at /slides/06_classfication_intro.ipynb
[NotebookApp | INFO] Saving file at /slides/06_classfication_intro.ipynb
[NotebookApp | INFO] Saving file at /slides/06_classfication_intro.ipynb
[NotebookApp | INFO] Saving file at /slides/06_classfication_intro.ipynb
[NotebookApp | INFO] Saving file at /slides/06_classfication_intro.ipynb
[NotebookApp | INFO] Saving file at /slides/06_classfication_intro.ipynb
[NotebookApp | INFO] Saving file at /slides/06_classfication_intro.ipynb
[NotebookApp | INFO] Saving file at /slides/06_classfication_intro.ipynb
[NotebookApp | INFO] Saving file at /slides/06_classfication_intro.ipynb
[NotebookApp | INFO] Saving file at /slides/06_classfication_intro.ipynb
[NotebookApp | INFO] Starting buffering for 739c7d9c-79de-453c-9f1a-57c5a267de1e:bdefda75082e48c699db2774d570b7f4
[NotebookApp | WARNING] No nbgrader_config.py file found (rerun with --debug to see where nbgrader is looking)
[NotebookApp | INFO] Loading the validate_assignment nbgrader serverextension
[NotebookApp | INFO] Serving notebooks from local directory: /Users/timberst/Documents/DSCI-100/dsci-100
[NotebookApp | INFO] 0 active kernels
[NotebookApp | INFO] The Jupyter Notebook is running at:
[NotebookApp | INFO] http://localhost:8889/?token=330493a86c41719141077587bbe522ffad10579068845d63
[NotebookApp | INFO] Use Control-C to stop this server and shut down all kernels (twice to skip confirmation).
[NotebookApp | CRITICAL] 
    
    Copy/paste this URL into your browser when you connect for the first time,
    to login with a token:
        http://localhost:8889/?token=330493a86c41719141077587bbe522ffad10579068845d63&token=330493a86c41719141077587bbe522ffad10579068845d63
[NotebookApp | INFO] Accepting one-time-token-authenticated connection from ::1
[NotebookApp | ERROR] The version of the Assignment List nbextension does not match the server extension; the nbextension version is 0.5.4 while the server version is 0.6.0.dev. This can happen if you have recently upgraded nbgrader, and may cause this extension to not work correctly. To fix the problem, please see the nbgrader installation instructions: http://nbgrader.readthedocs.io/en/stable/user_guide/installation.html
[NotebookApp | INFO] Creating new notebook in /slides
[NotebookApp | INFO] Kernel started: 0dd91f2d-0571-47a7-b8c5-92b988de6d7c
[NotebookApp | WARNING] 404 GET /nbextensions/nbdime/extension.js?v=20190213224051 (::1) 10.99ms referer=http://localhost:8889/notebooks/slides/Untitled.ipynb?kernel_name=ir
[NotebookApp | WARNING] 404 GET /nbextensions/widgets/notebook/js/extension.js?v=20190213224051 (::1) 2.20ms referer=http://localhost:8889/notebooks/slides/Untitled.ipynb?kernel_name=ir
[NotebookApp | INFO] Adapting to protocol v5.0 for kernel 0dd91f2d-0571-47a7-b8c5-92b988de6d7c
[NotebookApp | WARNING] 404 GET /nbextensions/nbdime/extension.js?v=20190213224051 (::1) 2.39ms referer=http://localhost:8889/notebooks/slides/06_classfication_intro.ipynb
[NotebookApp | INFO] Kernel started: cff37fe8-807f-464e-9137-a4d1e0b205c6
[NotebookApp | WARNING] 404 GET /nbextensions/widgets/notebook/js/extension.js?v=20190213224051 (::1) 2.79ms referer=http://localhost:8889/notebooks/slides/06_classfication_intro.ipynb
[NotebookApp | INFO] Adapting to protocol v5.0 for kernel cff37fe8-807f-464e-9137-a4d1e0b205c6
[NotebookApp | INFO] Saving file at /slides/Untitled.ipynb
[NotebookApp | INFO] Saving file at /slides/06_classfication_intro.ipynb
[NotebookApp | INFO] Saving file at /slides/Untitled.ipynb
[NotebookApp | INFO] Saving file at /slides/06_classfication_intro.ipynb
[NotebookApp | INFO] Saving file at /slides/Untitled.ipynb
[NotebookApp | INFO] Saving file at /slides/Untitled.ipynb
[NotebookApp | INFO] Saving file at /slides/Untitled.ipynb
[NotebookApp | INFO] Saving file at /slides/Untitled.ipynb
[NotebookApp | INFO] Saving file at /slides/Untitled.ipynb
[NotebookApp | INFO] Saving file at /slides/Untitled.ipynb
[NotebookApp | INFO] Saving file at /slides/Untitled.ipynb
[NotebookApp | INFO] Saving file at /slides/Untitled.ipynb
[NotebookApp | INFO] Saving file at /slides/07_classification_continued.ipynb
[NotebookApp | INFO] Saving file at /slides/07_classification_continued.ipynb
[NotebookApp | INFO] Saving file at /slides/07_classification_continued.ipynb
[NotebookApp | INFO] 302 GET /notebooks/slides/img/big_picture.png (::1) 2.42ms
[NotebookApp | ERROR] The version of the Assignment List nbextension does not match the server extension; the nbextension version is 0.5.4 while the server version is 0.6.0.dev. This can happen if you have recently upgraded nbgrader, and may cause this extension to not work correctly. To fix the problem, please see the nbgrader installation instructions: http://nbgrader.readthedocs.io/en/stable/user_guide/installation.html
[NotebookApp | INFO] Saving file at /slides/07_classification_continued.ipynb
[NotebookApp | INFO] Saving file at /slides/07_classification_continued.ipynb
[NotebookApp | INFO] Saving file at /slides/07_classification_continued.ipynb
[NotebookApp | INFO] Saving file at /slides/07_classification_continued.ipynb
[NotebookApp | INFO] Saving file at /slides/07_classification_continued.ipynb
[NotebookApp | INFO] Saving file at /slides/07_classification_continued.ipynb
[NotebookApp | WARNING] 404 GET /notebooks/slides/rise.css (::1): No such file or directory: slides/rise.css
[NotebookApp | WARNING] 404 GET /notebooks/slides/rise.css (::1) 5.18ms referer=http://localhost:8889/notebooks/slides/07_classification_continued.ipynb
[NotebookApp | WARNING] 404 GET /notebooks/slides/07_classification_continued.css (::1): No such file or directory: slides/07_classification_continued.css
[NotebookApp | WARNING] 404 GET /notebooks/slides/07_classification_continued.css (::1) 1.72ms referer=http://localhost:8889/notebooks/slides/07_classification_continued.ipynb
[NotebookApp | WARNING] 404 GET /notebooks/slides/rise.css (::1): No such file or directory: slides/rise.css
[NotebookApp | WARNING] 404 GET /notebooks/slides/rise.css (::1) 1.51ms referer=http://localhost:8889/notebooks/slides/07_classification_continued.ipynb
[NotebookApp | WARNING] 404 GET /notebooks/slides/07_classification_continued.css (::1): No such file or directory: slides/07_classification_continued.css
[NotebookApp | WARNING] 404 GET /notebooks/slides/07_classification_continued.css (::1) 1.55ms referer=http://localhost:8889/notebooks/slides/07_classification_continued.ipynb
[NotebookApp | WARNING] 404 GET /notebooks/slides/rise.css (::1): No such file or directory: slides/rise.css
[NotebookApp | WARNING] 404 GET /notebooks/slides/rise.css (::1) 1.51ms referer=http://localhost:8889/notebooks/slides/07_classification_continued.ipynb
[NotebookApp | WARNING] 404 GET /notebooks/slides/07_classification_continued.css (::1): No such file or directory: slides/07_classification_continued.css
[NotebookApp | WARNING] 404 GET /notebooks/slides/07_classification_continued.css (::1) 1.74ms referer=http://localhost:8889/notebooks/slides/07_classification_continued.ipynb
[NotebookApp | INFO] Saving file at /slides/07_classification_continued.ipynb
[NotebookApp | INFO] Saving file at /slides/07_classification_continued.ipynb
[NotebookApp | INFO] Saving file at /slides/07_classification_continued.ipynb
[NotebookApp | INFO] Starting buffering for cff37fe8-807f-464e-9137-a4d1e0b205c6:0840f3a8f28949c2894a1e6749fa78fe
[NotebookApp | INFO] Starting buffering for 0dd91f2d-0571-47a7-b8c5-92b988de6d7c:3d4c11ed6dd24dd88cf7d31b31ecbcad
